TN:
SF:src/ejercicio-2/BillingSystem.ts
FN:10,(anonymous_0)
FN:18,(anonymous_1)
FNF:2
FNH:2
FNDA:1,(anonymous_0)
FNDA:1,(anonymous_1)
DA:7,1
DA:11,1
DA:19,1
LF:3
LH:3
BRF:0
BRH:0
end_of_record
TN:
SF:src/ejercicio-2/Invoice.ts
FN:22,(anonymous_0)
FN:40,(anonymous_1)
FN:41,(anonymous_2)
FN:50,(anonymous_3)
FN:58,(anonymous_4)
FN:66,(anonymous_5)
FN:74,(anonymous_6)
FN:82,(anonymous_7)
FN:90,(anonymous_8)
FN:98,(anonymous_9)
FN:100,(anonymous_10)
FNF:11
FNH:11
FNDA:2,(anonymous_0)
FNDA:2,(anonymous_1)
FNDA:6,(anonymous_2)
FNDA:2,(anonymous_3)
FNDA:3,(anonymous_4)
FNDA:2,(anonymous_5)
FNDA:2,(anonymous_6)
FNDA:2,(anonymous_7)
FNDA:1,(anonymous_8)
FNDA:2,(anonymous_9)
FNDA:6,(anonymous_10)
DA:14,1
DA:28,2
DA:29,2
DA:30,2
DA:31,2
DA:32,2
DA:33,2
DA:41,2
DA:42,6
DA:51,2
DA:59,3
DA:67,2
DA:75,2
DA:83,2
DA:91,1
DA:99,2
DA:101,6
LF:17
LH:17
BRF:0
BRH:0
end_of_record
TN:
SF:src/ejercicio-2/PDFInvoiceGenerator.ts
FN:14,(anonymous_1)
FNF:1
FNH:1
FNDA:1,(anonymous_1)
DA:3,1
DA:4,1
DA:9,1
DA:16,1
DA:18,1
DA:19,1
DA:20,1
DA:21,1
DA:22,1
DA:23,1
DA:24,1
DA:25,1
DA:26,1
DA:27,1
DA:29,1
DA:32,1
LF:16
LH:16
BRF:0
BRH:0
end_of_record
TN:
SF:src/mod-1/ArithmeticableCollection.ts
FN:7,(anonymous_0)
FN:13,(anonymous_1)
FN:22,(anonymous_2)
FN:30,(anonymous_3)
FNF:4
FNH:3
FNDA:1,(anonymous_0)
FNDA:0,(anonymous_1)
FNDA:1,(anonymous_2)
FNDA:1,(anonymous_3)
DA:6,1
DA:7,1
DA:14,0
DA:23,1
DA:31,1
LF:5
LH:4
BRDA:7,0,0,0
BRF:1
BRH:0
end_of_record
TN:
SF:src/mod-1/Complex.ts
FN:7,(anonymous_0)
FN:15,(anonymous_1)
FN:28,(anonymous_2)
FN:41,(anonymous_3)
FN:54,(anonymous_4)
FNF:5
FNH:5
FNDA:19,(anonymous_0)
FNDA:1,(anonymous_1)
FNDA:1,(anonymous_2)
FNDA:1,(anonymous_3)
FNDA:1,(anonymous_4)
DA:6,1
DA:7,19
DA:16,1
DA:29,1
DA:42,1
DA:55,1
LF:6
LH:6
BRF:0
BRH:0
end_of_record
TN:
SF:src/mod-1/Rational.ts
FN:4,(anonymous_0)
FN:11,(anonymous_1)
FN:22,(anonymous_2)
FN:38,(anonymous_3)
FN:43,(anonymous_4)
FN:52,(anonymous_5)
FN:60,(anonymous_6)
FN:64,(anonymous_7)
FNF:8
FNH:8
FNDA:20,(anonymous_0)
FNDA:1,(anonymous_1)
FNDA:3,(anonymous_2)
FNDA:7,(anonymous_3)
FNDA:1,(anonymous_4)
FNDA:2,(anonymous_5)
FNDA:1,(anonymous_6)
FNDA:1,(anonymous_7)
DA:3,1
DA:4,20
DA:12,1
DA:13,1
DA:14,1
DA:23,3
DA:24,3
DA:25,3
DA:26,0
DA:27,0
DA:29,3
DA:39,7
DA:40,4
DA:44,1
DA:45,1
DA:46,1
DA:47,1
DA:48,1
DA:49,0
DA:53,2
DA:55,2
DA:56,2
DA:57,2
DA:61,1
DA:65,1
LF:25
LH:22
BRDA:25,0,0,0
BRDA:25,0,1,3
BRDA:39,1,0,3
BRDA:39,1,1,4
BRDA:44,2,0,0
BRDA:44,2,1,1
BRDA:45,3,0,0
BRDA:45,3,1,1
BRDA:48,4,0,1
BRDA:48,4,1,0
BRDA:53,5,0,0
BRDA:53,5,1,2
BRDA:53,6,0,2
BRDA:53,6,1,2
BRF:14
BRH:9
end_of_record
